<?xml version="1.0" encoding="UTF-8"?>
<testng-results ignored="0" total="1" passed="1" failed="0" skipped="0">
  <reporter-output>
    <line>
      <![CDATA[database connected]]>
    </line>
    <line>
      <![CDATA[test started]]>
    </line>
    <line>
      <![CDATA[testscript passed]]>
    </line>
    <line>
      <![CDATA[database disconnected]]>
    </line>
  </reporter-output>
  <suite started-at="2022-12-05T14:11:36 IST" name="Default suite" finished-at="2022-12-05T14:12:26 IST" duration-ms="49815">
    <groups>
    </groups>
    <test started-at="2022-12-05T14:11:36 IST" name="Default test" finished-at="2022-12-05T14:12:26 IST" duration-ms="49815">
      <class name="com.Actitime.Testscripts.CreateCustomer">
        <test-method is-config="true" signature="databaseconnection()[pri:0, instance:com.Actitime.Testscripts.CreateCustomer@56cdfb3b]" started-at="2022-12-05T14:11:36 IST" name="databaseconnection" finished-at="2022-12-05T14:11:36 IST" duration-ms="7" status="PASS">
          <reporter-output>
            <line>
              <![CDATA[database connected]]>
            </line>
          </reporter-output>
        </test-method> <!-- databaseconnection -->
        <test-method is-config="true" signature="launchBrowser()[pri:0, instance:com.Actitime.Testscripts.CreateCustomer@56cdfb3b]" started-at="2022-12-05T14:11:36 IST" name="launchBrowser" finished-at="2022-12-05T14:11:38 IST" duration-ms="2091" status="PASS">
          <reporter-output>
          </reporter-output>
        </test-method> <!-- launchBrowser -->
        <test-method is-config="true" signature="login()[pri:0, instance:com.Actitime.Testscripts.CreateCustomer@56cdfb3b]" started-at="2022-12-05T14:11:38 IST" name="login" finished-at="2022-12-05T14:11:50 IST" duration-ms="11929" status="PASS">
          <reporter-output>
          </reporter-output>
        </test-method> <!-- login -->
        <test-method signature="createcustomer()[pri:0, instance:com.Actitime.Testscripts.CreateCustomer@56cdfb3b]" started-at="2022-12-05T14:11:50 IST" name="createcustomer" finished-at="2022-12-05T14:12:03 IST" duration-ms="13485" status="PASS">
          <reporter-output>
            <line>
              <![CDATA[test started]]>
            </line>
            <line>
              <![CDATA[testscript passed]]>
            </line>
          </reporter-output>
        </test-method> <!-- createcustomer -->
        <test-method is-config="true" signature="logout()[pri:0, instance:com.Actitime.Testscripts.CreateCustomer@56cdfb3b]" started-at="2022-12-05T14:12:03 IST" name="logout" finished-at="2022-12-05T14:12:15 IST" duration-ms="12152" status="PASS">
          <reporter-output>
          </reporter-output>
        </test-method> <!-- logout -->
        <test-method is-config="true" signature="closeBrowser()[pri:0, instance:com.Actitime.Testscripts.CreateCustomer@56cdfb3b]" started-at="2022-12-05T14:12:15 IST" name="closeBrowser" finished-at="2022-12-05T14:12:26 IST" duration-ms="10132" status="PASS">
          <reporter-output>
          </reporter-output>
        </test-method> <!-- closeBrowser -->
        <test-method is-config="true" signature="databasedisconnected()[pri:0, instance:com.Actitime.Testscripts.CreateCustomer@56cdfb3b]" started-at="2022-12-05T14:12:26 IST" name="databasedisconnected" finished-at="2022-12-05T14:12:26 IST" duration-ms="0" status="PASS">
          <reporter-output>
            <line>
              <![CDATA[database disconnected]]>
            </line>
          </reporter-output>
        </test-method> <!-- databasedisconnected -->
      </class> <!-- com.Actitime.Testscripts.CreateCustomer -->
    </test> <!-- Default test -->
  </suite> <!-- Default suite -->
</testng-results>
